[debug] [2023-03-21T04:07:47.516Z] ----------------------------------------------------------------------
[debug] [2023-03-21T04:07:47.517Z] Command:       /opt/homebrew/Cellar/node/19.6.0/bin/node /opt/homebrew/bin/firebase init
[debug] [2023-03-21T04:07:47.517Z] CLI Version:   10.1.2
[debug] [2023-03-21T04:07:47.518Z] Platform:      darwin
[debug] [2023-03-21T04:07:47.518Z] Node Version:  v19.6.0
[debug] [2023-03-21T04:07:47.518Z] Time:          Mon Mar 20 2023 21:07:47 GMT-0700 (Pacific Daylight Time)
[debug] [2023-03-21T04:07:47.518Z] ----------------------------------------------------------------------
[debug] 
[debug] [2023-03-21T04:07:47.520Z] > command requires scopes: ["email","openid","https://www.googleapis.com/auth/cloudplatformprojects.readonly","https://www.googleapis.com/auth/firebase","https://www.googleapis.com/auth/cloud-platform"]
[debug] [2023-03-21T04:07:47.521Z] > authorizing via signed-in user (kevinsun@usc.edu)
[info] 
     ######## #### ########  ######## ########     ###     ######  ########
     ##        ##  ##     ## ##       ##     ##  ##   ##  ##       ##
     ######    ##  ########  ######   ########  #########  ######  ######
     ##        ##  ##    ##  ##       ##     ## ##     ##       ## ##
     ##       #### ##     ## ######## ########  ##     ##  ######  ########

You're about to initialize a Firebase project in this directory:

  /Users/kevinsun/cs/personal-website

[info] 
=== Project Setup
[info] 
[info] First, let's associate this project directory with a Firebase project.
[info] You can create multiple project aliases by running firebase use --add, 
[info] but for now we'll just set up a default project.
[info] 
[info] i  If you want to create a project in a Google Cloud organization or folder, please use "firebase projects:create" instead, and return to this command when you've created the project. 
[debug] [2023-03-21T04:08:15.797Z] > refreshing access token with scopes: ["email","https://www.googleapis.com/auth/cloud-platform","https://www.googleapis.com/auth/cloudplatformprojects.readonly","https://www.googleapis.com/auth/firebase","openid"]
[debug] [2023-03-21T04:08:15.797Z] >>> HTTP REQUEST POST https://www.googleapis.com/oauth2/v3/token  
 <request body omitted>
[debug] [2023-03-21T04:08:16.115Z] <<< HTTP RESPONSE 400 {"date":"Tue, 21 Mar 2023 04:08:15 GMT","expires":"Mon, 01 Jan 1990 00:00:00 GMT","cache-control":"no-cache, no-store, max-age=0, must-revalidate","pragma":"no-cache","content-type":"application/json; charset=utf-8","vary":"X-Origin, Referer, Origin,Accept-Encoding","server":"scaffolding on HTTPServer2","x-xss-protection":"0","x-frame-options":"SAMEORIGIN","x-content-type-options":"nosniff","alt-svc":"h3=\":443\"; ma=2592000,h3-29=\":443\"; ma=2592000","accept-ranges":"none","transfer-encoding":"chunked"}
[debug] [2023-03-21T04:08:16.117Z] >>> HTTP REQUEST POST https://cloudresourcemanager.googleapis.com/v1/projects  
 {"projectId":"kyung-min-sun-personal-website","name":"kyung-min-sun-personal-website"}
[debug] [2023-03-21T04:08:16.376Z] <<< HTTP RESPONSE 401 {"www-authenticate":"Bearer realm=\"https://accounts.google.com/\", error=\"invalid_token\"","vary":"X-Origin, Referer, Origin,Accept-Encoding","content-type":"application/json; charset=UTF-8","date":"Tue, 21 Mar 2023 04:08:16 GMT","server":"ESF","cache-control":"private","x-xss-protection":"0","x-frame-options":"SAMEORIGIN","x-content-type-options":"nosniff","server-timing":"gfet4t7; dur=161","alt-svc":"h3=\":443\"; ma=2592000,h3-29=\":443\"; ma=2592000","accept-ranges":"none","transfer-encoding":"chunked"}
[debug] [2023-03-21T04:08:16.376Z] <<< HTTP RESPONSE BODY {"error":{"code":401,"message":"Request had invalid authentication credentials. Expected OAuth 2 access token, login cookie or other valid authentication credential. See https://developers.google.com/identity/sign-in/web/devconsole-project.","status":"UNAUTHENTICATED","details":[{"@type":"type.googleapis.com/google.rpc.ErrorInfo","reason":"ACCESS_TOKEN_TYPE_UNSUPPORTED","metadata":{"service":"cloudresourcemanager.googleapis.com","method":"google.cloudresourcemanager.v1.Projects.CreateProject"}}]}}
[debug] [2023-03-21T04:08:16.381Z] FirebaseError: HTTP Error: 401, Request had invalid authentication credentials. Expected OAuth 2 access token, login cookie or other valid authentication credential. See https://developers.google.com/identity/sign-in/web/devconsole-project.
    at module.exports (/opt/homebrew/lib/node_modules/firebase-tools/lib/responseToError.js:38:12)
    at Request._callback (/opt/homebrew/lib/node_modules/firebase-tools/lib/api.js:41:35)
    at self.callback (/opt/homebrew/lib/node_modules/firebase-tools/node_modules/request/request.js:185:22)
    at Request.emit (node:events:512:28)
    at Request.emit (node:domain:489:12)
    at Request.<anonymous> (/opt/homebrew/lib/node_modules/firebase-tools/node_modules/request/request.js:1161:10)
    at Request.emit (node:events:512:28)
    at Request.emit (node:domain:489:12)
    at IncomingMessage.<anonymous> (/opt/homebrew/lib/node_modules/firebase-tools/node_modules/request/request.js:1083:12)
    at Object.onceWrapper (node:events:626:28)
    at IncomingMessage.emit (node:events:524:35)
    at IncomingMessage.emit (node:domain:489:12)
    at endReadableNT (node:internal/streams/readable:1359:12)
    at process.processTicksAndRejections (node:internal/process/task_queues:82:21)
[error] 
[error] Error: Failed to create project. See firebase-debug.log for more info.
